<?xml version="1.0" encoding="UTF-8"?>
<testsuites tests="29" failures="0" disabled="0" errors="0" timestamp="2024-12-08T21:56:12" time="3.606" name="AllTests">
  <testsuite name="PokemonFixture" tests="29" failures="0" disabled="0" errors="0" time="3.604">
    <testcase name="getID_ReturnIdAsInt" status="run" time="0.086" classname="PokemonFixture" />
    <testcase name="setID_Int_IdSetToInt" status="run" time="0.123" classname="PokemonFixture" />
    <testcase name="getName_ReturnNameAsString" status="run" time="0.121" classname="PokemonFixture" />
    <testcase name="setName_String_NameSetToString" status="run" time="0.124" classname="PokemonFixture" />
    <testcase name="getGenus_ReturnGenusAsString" status="run" time="0.108" classname="PokemonFixture" />
    <testcase name="setGenus_String_GenusSetToString" status="run" time="0.106" classname="PokemonFixture" />
    <testcase name="getTypes_ReturnTypesAsStringVector" status="run" time="0.2" classname="PokemonFixture" />
    <testcase name="setTypes_StringVectorOneValue_TypeASetToValue" status="run" time="0.26" classname="PokemonFixture" />
    <testcase name="setTypes_StringVectorTwoValues_TypeAAndTypeBSetToValues" status="run" time="0.129" classname="PokemonFixture" />
    <testcase name="getGenderRates_ReturnsGenderRatesDoubleVector" status="run" time="0.123" classname="PokemonFixture" />
    <testcase name="setGenderRates_Int_CalculatesGenderRates" status="run" time="0.116" classname="PokemonFixture" />
    <testcase name="getFlavorText_ReturnFlavorTextAsString" status="run" time="0.129" classname="PokemonFixture" />
    <testcase name="setFlavorText_String_SetFlavorTextToString" status="run" time="0.161" classname="PokemonFixture" />
    <testcase name="getBasicStats_ReturnBasicStatsAsUnsignedShortVector" status="run" time="0.117" classname="PokemonFixture" />
    <testcase name="setBasicStats_Vector_SetBasicStatsToUnsignedShortVector" status="run" time="0.103" classname="PokemonFixture" />
    <testcase name="getStatsIndividually_ReturnIndividualStatsAsUnsignedShort" status="run" time="0.098" classname="PokemonFixture" />
    <testcase name="setStatsIndividually_SetIndividualStatsToUnsignedShort" status="run" time="0.104" classname="PokemonFixture" />
    <testcase name="getWeight_ReturnWeightAsUnsignedShort" status="run" time="0.088" classname="PokemonFixture" />
    <testcase name="setWeight_UnsignedShort_SetWeightToUnsignedShort" status="run" time="0.095" classname="PokemonFixture" />
    <testcase name="getHeight_ReturnHeightAsUnsignedShort" status="run" time="0.091" classname="PokemonFixture" />
    <testcase name="setHeight_UnsignedShort_SetWeightToUnsignedShort" status="run" time="0.097" classname="PokemonFixture" />
    <testcase name="getAbilities_ReturnAbilitiesAsVectorPrt" status="run" time="0.095" classname="PokemonFixture" />
    <testcase name="setAbilities_VectorString_SetAbilitiesToVectorString" status="run" time="0.085" classname="PokemonFixture" />
    <testcase name="getRoutes_ReturnRoutesAsVectorVectorStringPrt" status="run" time="0.086" classname="PokemonFixture" />
    <testcase name="setRoutes_VetorVectorString_SetRoutesToVectorVectorString" status="run" time="0.089" classname="PokemonFixture" />
    <testcase name="getEvolutionChainId_ReturnEvolutionChainIdAsUnsignedShort" status="run" time="0.095" classname="PokemonFixture" />
    <testcase name="setEvolutionChainId_UnsignedShort_SetEvolutionChainIdToUnsignedShort" status="run" time="0.088" classname="PokemonFixture" />
    <testcase name="getEvolvesFromSpeciesID_ReturnEvolvesFromSpeciesIDAsUnsingedShort" status="run" time="0.176" classname="PokemonFixture" />
    <testcase name="setEvolvesFromSpeciesID_UnsignedShort_SetsEvolvesFromSpeciesIDToUnsingedShort" status="run" time="0.085" classname="PokemonFixture" />
  </testsuite>
</testsuites>
